<?xml version="1.0" encoding="UTF-8" ?>
<testsuite tests="10" failures="0" name="ru.itmo.java.Task2Test" time="0.182" errors="0" skipped="0">
  <properties>
[...]
</properties>
  <testcase classname="ru.itmo.java.Task2Test" name="test_xorDigits" time="0.004"/>
  <testcase classname="ru.itmo.java.Task2Test" name="test_digitInRange" time="0"/>
  <testcase classname="ru.itmo.java.Task2Test" name="test_anyIsDigit" time="0.072"/>
  <testcase classname="ru.itmo.java.Task2Test" name="test_charCode" time="0.007"/>
  <testcase classname="ru.itmo.java.Task2Test" name="test_fractionalPart" time="0.053"/>
  <testcase classname="ru.itmo.java.Task2Test" name="test_nextEvenNumber" time="0.001"/>
  <testcase classname="ru.itmo.java.Task2Test" name="test_intsEqual" time="0.044"/>
  <testcase classname="ru.itmo.java.Task2Test" name="test_areRealNumbersEqual" time="0"/>
  <testcase classname="ru.itmo.java.Task2Test" name="test_sumOfDigits" time="0"/>
  <testcase classname="ru.itmo.java.Task2Test" name="test_schoolDesks" time="0.001"/>
</testsuite>